0 verbose cli /usr/bin/node-22 /usr/bin/npm
1 info using npm@10.9.4
2 info using node@v22.22.0
3 silly config load:file:/usr/lib/node_modules_22/npm/npmrc
4 silly config load:file:/var/www/.npmrc
5 silly config load:file:/etc/npmrc
6 verbose title npm install
7 verbose argv "install"
8 verbose logfile logs-max:10 dir:/var/www/.npm/_logs/2026-04-04T07_48_40_970Z-
9 verbose logfile /var/www/.npm/_logs/2026-04-04T07_48_40_970Z-debug-0.log
10 silly logfile done cleaning log files
11 silly packumentCache heap:4345298944 maxSize:1086324736 maxEntrySize:543162368
12 silly idealTree buildDeps
13 silly reify moves {}
14 verbose reify failed optional dependency /var/www/node_modules/@tailwindcss/oxide-wasm32-wasi
15 silly reify mark deleted [ '/var/www/node_modules/@tailwindcss/oxide-wasm32-wasi' ]
16 silly audit bulk request {
16 silly audit   '@esbuild/aix-ppc64': [ '0.27.4' ],
16 silly audit   '@esbuild/android-arm': [ '0.27.4' ],
16 silly audit   '@esbuild/android-arm64': [ '0.27.4' ],
16 silly audit   '@esbuild/android-x64': [ '0.27.4' ],
16 silly audit   '@esbuild/darwin-arm64': [ '0.27.4' ],
16 silly audit   '@esbuild/darwin-x64': [ '0.27.4' ],
16 silly audit   '@esbuild/freebsd-arm64': [ '0.27.4' ],
16 silly audit   '@esbuild/freebsd-x64': [ '0.27.4' ],
16 silly audit   '@esbuild/linux-arm': [ '0.27.4' ],
16 silly audit   '@esbuild/linux-arm64': [ '0.27.4' ],
16 silly audit   '@esbuild/linux-ia32': [ '0.27.4' ],
16 silly audit   '@esbuild/linux-loong64': [ '0.27.4' ],
16 silly audit   '@esbuild/linux-mips64el': [ '0.27.4' ],
16 silly audit   '@esbuild/linux-ppc64': [ '0.27.4' ],
16 silly audit   '@esbuild/linux-riscv64': [ '0.27.4' ],
16 silly audit   '@esbuild/linux-s390x': [ '0.27.4' ],
16 silly audit   '@esbuild/linux-x64': [ '0.27.4' ],
16 silly audit   '@esbuild/netbsd-arm64': [ '0.27.4' ],
16 silly audit   '@esbuild/netbsd-x64': [ '0.27.4' ],
16 silly audit   '@esbuild/openbsd-arm64': [ '0.27.4' ],
16 silly audit   '@esbuild/openbsd-x64': [ '0.27.4' ],
16 silly audit   '@esbuild/openharmony-arm64': [ '0.27.4' ],
16 silly audit   '@esbuild/sunos-x64': [ '0.27.4' ],
16 silly audit   '@esbuild/win32-arm64': [ '0.27.4' ],
16 silly audit   '@esbuild/win32-ia32': [ '0.27.4' ],
16 silly audit   '@esbuild/win32-x64': [ '0.27.4' ],
16 silly audit   '@jridgewell/gen-mapping': [ '0.3.13' ],
16 silly audit   '@jridgewell/remapping': [ '2.3.5' ],
16 silly audit   '@jridgewell/resolve-uri': [ '3.1.2' ],
16 silly audit   '@jridgewell/sourcemap-codec': [ '1.5.5' ],
16 silly audit   '@jridgewell/trace-mapping': [ '0.3.31' ],
16 silly audit   '@rollup/rollup-android-arm-eabi': [ '4.59.0' ],
16 silly audit   '@rollup/rollup-android-arm64': [ '4.59.0' ],
16 silly audit   '@rollup/rollup-darwin-arm64': [ '4.59.0' ],
16 silly audit   '@rollup/rollup-darwin-x64': [ '4.59.0' ],
16 silly audit   '@rollup/rollup-freebsd-arm64': [ '4.59.0' ],
16 silly audit   '@rollup/rollup-freebsd-x64': [ '4.59.0' ],
16 silly audit   '@rollup/rollup-linux-arm-gnueabihf': [ '4.59.0' ],
16 silly audit   '@rollup/rollup-linux-arm-musleabihf': [ '4.59.0' ],
16 silly audit   '@rollup/rollup-linux-arm64-gnu': [ '4.59.0' ],
16 silly audit   '@rollup/rollup-linux-arm64-musl': [ '4.59.0' ],
16 silly audit   '@rollup/rollup-linux-loong64-gnu': [ '4.59.0' ],
16 silly audit   '@rollup/rollup-linux-loong64-musl': [ '4.59.0' ],
16 silly audit   '@rollup/rollup-linux-ppc64-gnu': [ '4.59.0' ],
16 silly audit   '@rollup/rollup-linux-ppc64-musl': [ '4.59.0' ],
16 silly audit   '@rollup/rollup-linux-riscv64-gnu': [ '4.59.0' ],
16 silly audit   '@rollup/rollup-linux-riscv64-musl': [ '4.59.0' ],
16 silly audit   '@rollup/rollup-linux-s390x-gnu': [ '4.59.0' ],
16 silly audit   '@rollup/rollup-linux-x64-gnu': [ '4.9.5', '4.59.0' ],
16 silly audit   '@rollup/rollup-linux-x64-musl': [ '4.59.0' ],
16 silly audit   '@rollup/rollup-openbsd-x64': [ '4.59.0' ],
16 silly audit   '@rollup/rollup-openharmony-arm64': [ '4.59.0' ],
16 silly audit   '@rollup/rollup-win32-arm64-msvc': [ '4.59.0' ],
16 silly audit   '@rollup/rollup-win32-ia32-msvc': [ '4.59.0' ],
16 silly audit   '@rollup/rollup-win32-x64-gnu': [ '4.59.0' ],
16 silly audit   '@rollup/rollup-win32-x64-msvc': [ '4.59.0' ],
16 silly audit   '@tailwindcss/node': [ '4.2.1' ],
16 silly audit   '@tailwindcss/oxide': [ '4.2.1' ],
16 silly audit   '@tailwindcss/oxide-android-arm64': [ '4.2.1' ],
16 silly audit   '@tailwindcss/oxide-darwin-arm64': [ '4.2.1' ],
16 silly audit   '@tailwindcss/oxide-darwin-x64': [ '4.2.1' ],
16 silly audit   '@tailwindcss/oxide-freebsd-x64': [ '4.2.1' ],
16 silly audit   '@tailwindcss/oxide-linux-arm-gnueabihf': [ '4.2.1' ],
16 silly audit   '@tailwindcss/oxide-linux-arm64-gnu': [ '4.2.1' ],
16 silly audit   '@tailwindcss/oxide-linux-arm64-musl': [ '4.2.1' ],
16 silly audit   '@tailwindcss/oxide-linux-x64-gnu': [ '4.2.1' ],
16 silly audit   '@tailwindcss/oxide-linux-x64-musl': [ '4.2.1' ],
16 silly audit   '@tailwindcss/oxide-win32-arm64-msvc': [ '4.2.1' ],
16 silly audit   '@tailwindcss/oxide-win32-x64-msvc': [ '4.2.1' ],
16 silly audit   '@tailwindcss/vite': [ '4.2.1' ],
16 silly audit   '@types/estree': [ '1.0.8' ],
16 silly audit   'ansi-regex': [ '5.0.1' ],
16 silly audit   'ansi-styles': [ '4.3.0' ],
16 silly audit   asynckit: [ '0.4.0' ],
16 silly audit   autoprefixer: [ '10.4.27' ],
16 silly audit   axios: [ '1.13.6' ],
16 silly audit   'baseline-browser-mapping': [ '2.10.8' ],
16 silly audit   browserslist: [ '4.28.1' ],
16 silly audit   'call-bind-apply-helpers': [ '1.0.2' ],
16 silly audit   'caniuse-lite': [ '1.0.30001779' ],
16 silly audit   chalk: [ '4.1.2' ],
16 silly audit   'supports-color': [ '7.2.0', '8.1.1' ],
16 silly audit   cliui: [ '8.0.1' ],
16 silly audit   'color-convert': [ '2.0.1' ],
16 silly audit   'color-name': [ '1.1.4' ],
16 silly audit   'combined-stream': [ '1.0.8' ],
16 silly audit   concurrently: [ '9.2.1' ],
16 silly audit   'delayed-stream': [ '1.0.0' ],
16 silly audit   'detect-libc': [ '2.1.2' ],
16 silly audit   'dunder-proto': [ '1.0.1' ],
16 silly audit   'electron-to-chromium': [ '1.5.313' ],
16 silly audit   'emoji-regex': [ '8.0.0' ],
16 silly audit   'enhanced-resolve': [ '5.20.0' ],
16 silly audit   'es-define-property': [ '1.0.1' ],
16 silly audit   'es-errors': [ '1.3.0' ],
16 silly audit   'es-object-atoms': [ '1.1.1' ],
16 silly audit   'es-set-tostringtag': [ '2.1.0' ],
16 silly audit   esbuild: [ '0.27.4' ],
16 silly audit   escalade: [ '3.2.0' ],
16 silly audit   fdir: [ '6.5.0' ],
16 silly audit   'follow-redirects': [ '1.15.11' ],
16 silly audit   'form-data': [ '4.0.5' ],
16 silly audit   'fraction.js': [ '5.3.4' ],
16 silly audit   fsevents: [ '2.3.3' ],
16 silly audit   'function-bind': [ '1.1.2' ],
16 silly audit   'get-caller-file': [ '2.0.5' ],
16 silly audit   'get-intrinsic': [ '1.3.0' ],
16 silly audit   'get-proto': [ '1.0.1' ],
16 silly audit   gopd: [ '1.2.0' ],
16 silly audit   'graceful-fs': [ '4.2.11' ],
16 silly audit   'has-flag': [ '4.0.0' ],
16 silly audit   'has-symbols': [ '1.1.0' ],
16 silly audit   'has-tostringtag': [ '1.0.2' ],
16 silly audit   hasown: [ '2.0.2' ],
16 silly audit   'is-fullwidth-code-point': [ '3.0.0' ],
16 silly audit   jiti: [ '2.6.1' ],
16 silly audit   'laravel-vite-plugin': [ '2.1.0' ],
16 silly audit   lightningcss: [ '1.31.1' ],
16 silly audit   'lightningcss-android-arm64': [ '1.31.1' ],
16 silly audit   'lightningcss-darwin-arm64': [ '1.31.1' ],
16 silly audit   'lightningcss-darwin-x64': [ '1.31.1' ],
16 silly audit   'lightningcss-freebsd-x64': [ '1.31.1' ],
16 silly audit   'lightningcss-linux-arm-gnueabihf': [ '1.31.1' ],
16 silly audit   'lightningcss-linux-arm64-gnu': [ '1.31.1' ],
16 silly audit   'lightningcss-linux-arm64-musl': [ '1.31.1' ],
16 silly audit   'lightningcss-linux-x64-gnu': [ '1.32.0', '1.31.1' ],
16 silly audit   'lightningcss-linux-x64-musl': [ '1.31.1' ],
16 silly audit   'lightningcss-win32-arm64-msvc': [ '1.31.1' ],
16 silly audit   'lightningcss-win32-x64-msvc': [ '1.31.1' ],
16 silly audit   'magic-string': [ '0.30.21' ],
16 silly audit   'math-intrinsics': [ '1.1.0' ],
16 silly audit   'mime-db': [ '1.52.0' ],
16 silly audit   'mime-types': [ '2.1.35' ],
16 silly audit   nanoid: [ '3.3.11' ],
16 silly audit   'node-releases': [ '2.0.36' ],
16 silly audit   picocolors: [ '1.1.1' ],
16 silly audit   picomatch: [ '4.0.3', '2.3.1' ],
16 silly audit   postcss: [ '8.5.8' ],
16 silly audit   'postcss-value-parser': [ '4.2.0' ],
16 silly audit   'proxy-from-env': [ '1.1.0' ],
16 silly audit   'require-directory': [ '2.1.1' ],
16 silly audit   rollup: [ '4.59.0' ],
16 silly audit   rxjs: [ '7.8.2' ],
16 silly audit   'shell-quote': [ '1.8.3' ],
16 silly audit   'source-map-js': [ '1.2.1' ],
16 silly audit   'string-width': [ '4.2.3' ],
16 silly audit   'strip-ansi': [ '6.0.1' ],
16 silly audit   tailwindcss: [ '4.2.1' ],
16 silly audit   tapable: [ '2.3.0' ],
16 silly audit   tinyglobby: [ '0.2.15' ],
16 silly audit   'tree-kill': [ '1.2.2' ],
16 silly audit   tslib: [ '2.8.1' ],
16 silly audit   'update-browserslist-db': [ '1.2.3' ],
16 silly audit   vite: [ '7.3.1' ],
16 silly audit   'vite-plugin-full-reload': [ '1.2.0' ],
16 silly audit   'wrap-ansi': [ '7.0.0' ],
16 silly audit   y18n: [ '5.0.8' ],
16 silly audit   yargs: [ '17.7.2' ],
16 silly audit   'yargs-parser': [ '21.1.1' ],
16 silly audit   '@tailwindcss/oxide-wasm32-wasi': [ '4.2.1' ]
16 silly audit }
17 verbose reify failed optional dependency /var/www/node_modules/lightningcss-win32-x64-msvc
18 silly reify mark deleted [ '/var/www/node_modules/lightningcss-win32-x64-msvc' ]
19 verbose reify failed optional dependency /var/www/node_modules/lightningcss-win32-arm64-msvc
20 silly reify mark deleted [ '/var/www/node_modules/lightningcss-win32-arm64-msvc' ]
21 verbose reify failed optional dependency /var/www/node_modules/lightningcss-linux-arm64-musl
22 silly reify mark deleted [ '/var/www/node_modules/lightningcss-linux-arm64-musl' ]
23 verbose reify failed optional dependency /var/www/node_modules/lightningcss-linux-arm64-gnu
24 silly reify mark deleted [ '/var/www/node_modules/lightningcss-linux-arm64-gnu' ]
25 verbose reify failed optional dependency /var/www/node_modules/lightningcss-linux-arm-gnueabihf
26 silly reify mark deleted [ '/var/www/node_modules/lightningcss-linux-arm-gnueabihf' ]
27 verbose reify failed optional dependency /var/www/node_modules/lightningcss-freebsd-x64
28 silly reify mark deleted [ '/var/www/node_modules/lightningcss-freebsd-x64' ]
29 verbose reify failed optional dependency /var/www/node_modules/lightningcss-darwin-x64
30 silly reify mark deleted [ '/var/www/node_modules/lightningcss-darwin-x64' ]
31 verbose reify failed optional dependency /var/www/node_modules/lightningcss-darwin-arm64
32 silly reify mark deleted [ '/var/www/node_modules/lightningcss-darwin-arm64' ]
33 verbose reify failed optional dependency /var/www/node_modules/lightningcss-android-arm64
34 silly reify mark deleted [ '/var/www/node_modules/lightningcss-android-arm64' ]
35 verbose reify failed optional dependency /var/www/node_modules/fsevents
36 silly reify mark deleted [ '/var/www/node_modules/fsevents' ]
37 verbose reify failed optional dependency /var/www/node_modules/@tailwindcss/oxide-win32-x64-msvc
38 silly reify mark deleted [ '/var/www/node_modules/@tailwindcss/oxide-win32-x64-msvc' ]
39 verbose reify failed optional dependency /var/www/node_modules/@tailwindcss/oxide-win32-arm64-msvc
40 silly reify mark deleted [ '/var/www/node_modules/@tailwindcss/oxide-win32-arm64-msvc' ]
41 verbose reify failed optional dependency /var/www/node_modules/@tailwindcss/oxide-linux-arm64-musl
42 silly reify mark deleted [ '/var/www/node_modules/@tailwindcss/oxide-linux-arm64-musl' ]
43 verbose reify failed optional dependency /var/www/node_modules/@tailwindcss/oxide-linux-arm64-gnu
44 silly reify mark deleted [ '/var/www/node_modules/@tailwindcss/oxide-linux-arm64-gnu' ]
45 verbose reify failed optional dependency /var/www/node_modules/@tailwindcss/oxide-linux-arm-gnueabihf
46 silly reify mark deleted [ '/var/www/node_modules/@tailwindcss/oxide-linux-arm-gnueabihf' ]
47 verbose reify failed optional dependency /var/www/node_modules/@tailwindcss/oxide-freebsd-x64
48 silly reify mark deleted [ '/var/www/node_modules/@tailwindcss/oxide-freebsd-x64' ]
49 verbose reify failed optional dependency /var/www/node_modules/@tailwindcss/oxide-darwin-x64
50 silly reify mark deleted [ '/var/www/node_modules/@tailwindcss/oxide-darwin-x64' ]
51 verbose reify failed optional dependency /var/www/node_modules/@tailwindcss/oxide-darwin-arm64
52 silly reify mark deleted [ '/var/www/node_modules/@tailwindcss/oxide-darwin-arm64' ]
53 verbose reify failed optional dependency /var/www/node_modules/@tailwindcss/oxide-android-arm64
54 silly reify mark deleted [ '/var/www/node_modules/@tailwindcss/oxide-android-arm64' ]
55 verbose reify failed optional dependency /var/www/node_modules/@rollup/rollup-win32-x64-msvc
56 silly reify mark deleted [ '/var/www/node_modules/@rollup/rollup-win32-x64-msvc' ]
57 verbose reify failed optional dependency /var/www/node_modules/@rollup/rollup-win32-x64-gnu
58 silly reify mark deleted [ '/var/www/node_modules/@rollup/rollup-win32-x64-gnu' ]
59 verbose reify failed optional dependency /var/www/node_modules/@rollup/rollup-win32-ia32-msvc
60 silly reify mark deleted [ '/var/www/node_modules/@rollup/rollup-win32-ia32-msvc' ]
61 verbose reify failed optional dependency /var/www/node_modules/@rollup/rollup-win32-arm64-msvc
62 silly reify mark deleted [ '/var/www/node_modules/@rollup/rollup-win32-arm64-msvc' ]
63 verbose reify failed optional dependency /var/www/node_modules/@rollup/rollup-openharmony-arm64
64 silly reify mark deleted [ '/var/www/node_modules/@rollup/rollup-openharmony-arm64' ]
65 verbose reify failed optional dependency /var/www/node_modules/@rollup/rollup-openbsd-x64
66 silly reify mark deleted [ '/var/www/node_modules/@rollup/rollup-openbsd-x64' ]
67 verbose reify failed optional dependency /var/www/node_modules/@rollup/rollup-linux-s390x-gnu
68 silly reify mark deleted [ '/var/www/node_modules/@rollup/rollup-linux-s390x-gnu' ]
69 verbose reify failed optional dependency /var/www/node_modules/@rollup/rollup-linux-riscv64-musl
70 silly reify mark deleted [ '/var/www/node_modules/@rollup/rollup-linux-riscv64-musl' ]
71 verbose reify failed optional dependency /var/www/node_modules/@rollup/rollup-linux-riscv64-gnu
72 silly reify mark deleted [ '/var/www/node_modules/@rollup/rollup-linux-riscv64-gnu' ]
73 verbose reify failed optional dependency /var/www/node_modules/@rollup/rollup-linux-ppc64-musl
74 silly reify mark deleted [ '/var/www/node_modules/@rollup/rollup-linux-ppc64-musl' ]
75 verbose reify failed optional dependency /var/www/node_modules/@rollup/rollup-linux-ppc64-gnu
76 silly reify mark deleted [ '/var/www/node_modules/@rollup/rollup-linux-ppc64-gnu' ]
77 verbose reify failed optional dependency /var/www/node_modules/@rollup/rollup-linux-loong64-musl
78 silly reify mark deleted [ '/var/www/node_modules/@rollup/rollup-linux-loong64-musl' ]
79 verbose reify failed optional dependency /var/www/node_modules/@rollup/rollup-linux-loong64-gnu
80 silly reify mark deleted [ '/var/www/node_modules/@rollup/rollup-linux-loong64-gnu' ]
81 verbose reify failed optional dependency /var/www/node_modules/@rollup/rollup-linux-arm64-musl
82 silly reify mark deleted [ '/var/www/node_modules/@rollup/rollup-linux-arm64-musl' ]
83 verbose reify failed optional dependency /var/www/node_modules/@rollup/rollup-linux-arm64-gnu
84 silly reify mark deleted [ '/var/www/node_modules/@rollup/rollup-linux-arm64-gnu' ]
85 verbose reify failed optional dependency /var/www/node_modules/@rollup/rollup-linux-arm-musleabihf
86 silly reify mark deleted [ '/var/www/node_modules/@rollup/rollup-linux-arm-musleabihf' ]
87 verbose reify failed optional dependency /var/www/node_modules/@rollup/rollup-linux-arm-gnueabihf
88 silly reify mark deleted [ '/var/www/node_modules/@rollup/rollup-linux-arm-gnueabihf' ]
89 verbose reify failed optional dependency /var/www/node_modules/@rollup/rollup-freebsd-x64
90 silly reify mark deleted [ '/var/www/node_modules/@rollup/rollup-freebsd-x64' ]
91 verbose reify failed optional dependency /var/www/node_modules/@rollup/rollup-freebsd-arm64
92 silly reify mark deleted [ '/var/www/node_modules/@rollup/rollup-freebsd-arm64' ]
93 verbose reify failed optional dependency /var/www/node_modules/@rollup/rollup-darwin-x64
94 silly reify mark deleted [ '/var/www/node_modules/@rollup/rollup-darwin-x64' ]
95 verbose reify failed optional dependency /var/www/node_modules/@rollup/rollup-darwin-arm64
96 silly reify mark deleted [ '/var/www/node_modules/@rollup/rollup-darwin-arm64' ]
97 verbose reify failed optional dependency /var/www/node_modules/@rollup/rollup-android-arm64
98 silly reify mark deleted [ '/var/www/node_modules/@rollup/rollup-android-arm64' ]
99 verbose reify failed optional dependency /var/www/node_modules/@rollup/rollup-android-arm-eabi
100 silly reify mark deleted [ '/var/www/node_modules/@rollup/rollup-android-arm-eabi' ]
101 verbose reify failed optional dependency /var/www/node_modules/@esbuild/win32-x64
102 silly reify mark deleted [ '/var/www/node_modules/@esbuild/win32-x64' ]
103 verbose reify failed optional dependency /var/www/node_modules/@esbuild/win32-ia32
104 silly reify mark deleted [ '/var/www/node_modules/@esbuild/win32-ia32' ]
105 verbose reify failed optional dependency /var/www/node_modules/@esbuild/win32-arm64
106 silly reify mark deleted [ '/var/www/node_modules/@esbuild/win32-arm64' ]
107 verbose reify failed optional dependency /var/www/node_modules/@esbuild/sunos-x64
108 silly reify mark deleted [ '/var/www/node_modules/@esbuild/sunos-x64' ]
109 verbose reify failed optional dependency /var/www/node_modules/@esbuild/openharmony-arm64
110 silly reify mark deleted [ '/var/www/node_modules/@esbuild/openharmony-arm64' ]
111 verbose reify failed optional dependency /var/www/node_modules/@esbuild/openbsd-x64
112 silly reify mark deleted [ '/var/www/node_modules/@esbuild/openbsd-x64' ]
113 verbose reify failed optional dependency /var/www/node_modules/@esbuild/openbsd-arm64
114 silly reify mark deleted [ '/var/www/node_modules/@esbuild/openbsd-arm64' ]
115 verbose reify failed optional dependency /var/www/node_modules/@esbuild/netbsd-x64
116 silly reify mark deleted [ '/var/www/node_modules/@esbuild/netbsd-x64' ]
117 verbose reify failed optional dependency /var/www/node_modules/@esbuild/netbsd-arm64
118 silly reify mark deleted [ '/var/www/node_modules/@esbuild/netbsd-arm64' ]
119 verbose reify failed optional dependency /var/www/node_modules/@esbuild/linux-s390x
120 silly reify mark deleted [ '/var/www/node_modules/@esbuild/linux-s390x' ]
121 verbose reify failed optional dependency /var/www/node_modules/@esbuild/linux-riscv64
122 silly reify mark deleted [ '/var/www/node_modules/@esbuild/linux-riscv64' ]
123 verbose reify failed optional dependency /var/www/node_modules/@esbuild/linux-ppc64
124 silly reify mark deleted [ '/var/www/node_modules/@esbuild/linux-ppc64' ]
125 verbose reify failed optional dependency /var/www/node_modules/@esbuild/linux-mips64el
126 silly reify mark deleted [ '/var/www/node_modules/@esbuild/linux-mips64el' ]
127 verbose reify failed optional dependency /var/www/node_modules/@esbuild/linux-loong64
128 silly reify mark deleted [ '/var/www/node_modules/@esbuild/linux-loong64' ]
129 verbose reify failed optional dependency /var/www/node_modules/@esbuild/linux-ia32
130 silly reify mark deleted [ '/var/www/node_modules/@esbuild/linux-ia32' ]
131 verbose reify failed optional dependency /var/www/node_modules/@esbuild/linux-arm64
132 silly reify mark deleted [ '/var/www/node_modules/@esbuild/linux-arm64' ]
133 verbose reify failed optional dependency /var/www/node_modules/@esbuild/linux-arm
134 silly reify mark deleted [ '/var/www/node_modules/@esbuild/linux-arm' ]
135 verbose reify failed optional dependency /var/www/node_modules/@esbuild/freebsd-x64
136 silly reify mark deleted [ '/var/www/node_modules/@esbuild/freebsd-x64' ]
137 verbose reify failed optional dependency /var/www/node_modules/@esbuild/freebsd-arm64
138 silly reify mark deleted [ '/var/www/node_modules/@esbuild/freebsd-arm64' ]
139 verbose reify failed optional dependency /var/www/node_modules/@esbuild/darwin-x64
140 silly reify mark deleted [ '/var/www/node_modules/@esbuild/darwin-x64' ]
141 verbose reify failed optional dependency /var/www/node_modules/@esbuild/darwin-arm64
142 silly reify mark deleted [ '/var/www/node_modules/@esbuild/darwin-arm64' ]
143 verbose reify failed optional dependency /var/www/node_modules/@esbuild/android-x64
144 silly reify mark deleted [ '/var/www/node_modules/@esbuild/android-x64' ]
145 verbose reify failed optional dependency /var/www/node_modules/@esbuild/android-arm64
146 silly reify mark deleted [ '/var/www/node_modules/@esbuild/android-arm64' ]
147 verbose reify failed optional dependency /var/www/node_modules/@esbuild/android-arm
148 silly reify mark deleted [ '/var/www/node_modules/@esbuild/android-arm' ]
149 verbose reify failed optional dependency /var/www/node_modules/@esbuild/aix-ppc64
150 silly reify mark deleted [ '/var/www/node_modules/@esbuild/aix-ppc64' ]
151 http cache yargs-parser@https://registry.npmjs.org/yargs-parser/-/yargs-parser-21.1.1.tgz 1ms (cache hit)
152 http cache yargs@https://registry.npmjs.org/yargs/-/yargs-17.7.2.tgz 1ms (cache hit)
153 http cache y18n@https://registry.npmjs.org/y18n/-/y18n-5.0.8.tgz 0ms (cache hit)
154 http cache wrap-ansi@https://registry.npmjs.org/wrap-ansi/-/wrap-ansi-7.0.0.tgz 0ms (cache hit)
155 http cache vite-plugin-full-reload@https://registry.npmjs.org/vite-plugin-full-reload/-/vite-plugin-full-reload-1.2.0.tgz 0ms (cache hit)
156 http cache vite@https://registry.npmjs.org/vite/-/vite-7.3.1.tgz 0ms (cache hit)
157 http cache update-browserslist-db@https://registry.npmjs.org/update-browserslist-db/-/update-browserslist-db-1.2.3.tgz 0ms (cache hit)
158 http cache tslib@https://registry.npmjs.org/tslib/-/tslib-2.8.1.tgz 0ms (cache hit)
159 http cache tree-kill@https://registry.npmjs.org/tree-kill/-/tree-kill-1.2.2.tgz 0ms (cache hit)
160 http cache tinyglobby@https://registry.npmjs.org/tinyglobby/-/tinyglobby-0.2.15.tgz 0ms (cache hit)
161 http cache tapable@https://registry.npmjs.org/tapable/-/tapable-2.3.0.tgz 0ms (cache hit)
162 http cache tailwindcss@https://registry.npmjs.org/tailwindcss/-/tailwindcss-4.2.1.tgz 0ms (cache hit)
163 http cache supports-color@https://registry.npmjs.org/supports-color/-/supports-color-8.1.1.tgz 0ms (cache hit)
164 http cache strip-ansi@https://registry.npmjs.org/strip-ansi/-/strip-ansi-6.0.1.tgz 0ms (cache hit)
165 http cache string-width@https://registry.npmjs.org/string-width/-/string-width-4.2.3.tgz 0ms (cache hit)
166 http cache source-map-js@https://registry.npmjs.org/source-map-js/-/source-map-js-1.2.1.tgz 0ms (cache hit)
167 http cache shell-quote@https://registry.npmjs.org/shell-quote/-/shell-quote-1.8.3.tgz 0ms (cache hit)
168 http cache rxjs@https://registry.npmjs.org/rxjs/-/rxjs-7.8.2.tgz 0ms (cache hit)
169 http cache rollup@https://registry.npmjs.org/rollup/-/rollup-4.59.0.tgz 0ms (cache hit)
170 http cache require-directory@https://registry.npmjs.org/require-directory/-/require-directory-2.1.1.tgz 0ms (cache hit)
171 http cache proxy-from-env@https://registry.npmjs.org/proxy-from-env/-/proxy-from-env-1.1.0.tgz 0ms (cache hit)
172 http cache postcss-value-parser@https://registry.npmjs.org/postcss-value-parser/-/postcss-value-parser-4.2.0.tgz 0ms (cache hit)
173 http cache postcss@https://registry.npmjs.org/postcss/-/postcss-8.5.8.tgz 0ms (cache hit)
174 http cache picomatch@https://registry.npmjs.org/picomatch/-/picomatch-4.0.3.tgz 0ms (cache hit)
175 http cache picocolors@https://registry.npmjs.org/picocolors/-/picocolors-1.1.1.tgz 0ms (cache hit)
176 http cache node-releases@https://registry.npmjs.org/node-releases/-/node-releases-2.0.36.tgz 0ms (cache hit)
177 http cache nanoid@https://registry.npmjs.org/nanoid/-/nanoid-3.3.11.tgz 0ms (cache hit)
178 http cache mime-types@https://registry.npmjs.org/mime-types/-/mime-types-2.1.35.tgz 0ms (cache hit)
179 http cache mime-db@https://registry.npmjs.org/mime-db/-/mime-db-1.52.0.tgz 0ms (cache hit)
180 http cache math-intrinsics@https://registry.npmjs.org/math-intrinsics/-/math-intrinsics-1.1.0.tgz 0ms (cache hit)
181 http cache magic-string@https://registry.npmjs.org/magic-string/-/magic-string-0.30.21.tgz 0ms (cache hit)
182 http cache lightningcss-linux-x64-musl@https://registry.npmjs.org/lightningcss-linux-x64-musl/-/lightningcss-linux-x64-musl-1.31.1.tgz 0ms (cache hit)
183 http cache lightningcss-linux-x64-gnu@https://registry.npmjs.org/lightningcss-linux-x64-gnu/-/lightningcss-linux-x64-gnu-1.32.0.tgz 0ms (cache hit)
184 http cache lightningcss@https://registry.npmjs.org/lightningcss/-/lightningcss-1.31.1.tgz 0ms (cache hit)
185 http cache laravel-vite-plugin@https://registry.npmjs.org/laravel-vite-plugin/-/laravel-vite-plugin-2.1.0.tgz 0ms (cache hit)
186 http cache jiti@https://registry.npmjs.org/jiti/-/jiti-2.6.1.tgz 0ms (cache hit)
187 http cache is-fullwidth-code-point@https://registry.npmjs.org/is-fullwidth-code-point/-/is-fullwidth-code-point-3.0.0.tgz 0ms (cache hit)
188 http cache hasown@https://registry.npmjs.org/hasown/-/hasown-2.0.2.tgz 0ms (cache hit)
189 http cache has-tostringtag@https://registry.npmjs.org/has-tostringtag/-/has-tostringtag-1.0.2.tgz 0ms (cache hit)
190 http cache has-symbols@https://registry.npmjs.org/has-symbols/-/has-symbols-1.1.0.tgz 0ms (cache hit)
191 http cache has-flag@https://registry.npmjs.org/has-flag/-/has-flag-4.0.0.tgz 0ms (cache hit)
192 http cache graceful-fs@https://registry.npmjs.org/graceful-fs/-/graceful-fs-4.2.11.tgz 0ms (cache hit)
193 http cache gopd@https://registry.npmjs.org/gopd/-/gopd-1.2.0.tgz 0ms (cache hit)
194 http cache get-proto@https://registry.npmjs.org/get-proto/-/get-proto-1.0.1.tgz 0ms (cache hit)
195 http cache get-intrinsic@https://registry.npmjs.org/get-intrinsic/-/get-intrinsic-1.3.0.tgz 0ms (cache hit)
196 http cache get-caller-file@https://registry.npmjs.org/get-caller-file/-/get-caller-file-2.0.5.tgz 0ms (cache hit)
197 http cache function-bind@https://registry.npmjs.org/function-bind/-/function-bind-1.1.2.tgz 0ms (cache hit)
198 http cache fraction.js@https://registry.npmjs.org/fraction.js/-/fraction.js-5.3.4.tgz 0ms (cache hit)
199 http cache form-data@https://registry.npmjs.org/form-data/-/form-data-4.0.5.tgz 0ms (cache hit)
200 http cache follow-redirects@https://registry.npmjs.org/follow-redirects/-/follow-redirects-1.15.11.tgz 0ms (cache hit)
201 http cache fdir@https://registry.npmjs.org/fdir/-/fdir-6.5.0.tgz 0ms (cache hit)
202 http cache escalade@https://registry.npmjs.org/escalade/-/escalade-3.2.0.tgz 0ms (cache hit)
203 http cache esbuild@https://registry.npmjs.org/esbuild/-/esbuild-0.27.4.tgz 0ms (cache hit)
204 http cache es-set-tostringtag@https://registry.npmjs.org/es-set-tostringtag/-/es-set-tostringtag-2.1.0.tgz 0ms (cache hit)
205 http cache es-object-atoms@https://registry.npmjs.org/es-object-atoms/-/es-object-atoms-1.1.1.tgz 0ms (cache hit)
206 http cache es-errors@https://registry.npmjs.org/es-errors/-/es-errors-1.3.0.tgz 0ms (cache hit)
207 http cache es-define-property@https://registry.npmjs.org/es-define-property/-/es-define-property-1.0.1.tgz 0ms (cache hit)
208 http cache enhanced-resolve@https://registry.npmjs.org/enhanced-resolve/-/enhanced-resolve-5.20.0.tgz 0ms (cache hit)
209 http cache emoji-regex@https://registry.npmjs.org/emoji-regex/-/emoji-regex-8.0.0.tgz 0ms (cache hit)
210 http cache electron-to-chromium@https://registry.npmjs.org/electron-to-chromium/-/electron-to-chromium-1.5.313.tgz 0ms (cache hit)
211 http cache dunder-proto@https://registry.npmjs.org/dunder-proto/-/dunder-proto-1.0.1.tgz 0ms (cache hit)
212 http cache detect-libc@https://registry.npmjs.org/detect-libc/-/detect-libc-2.1.2.tgz 0ms (cache hit)
213 http cache delayed-stream@https://registry.npmjs.org/delayed-stream/-/delayed-stream-1.0.0.tgz 0ms (cache hit)
214 http cache concurrently@https://registry.npmjs.org/concurrently/-/concurrently-9.2.1.tgz 0ms (cache hit)
215 http cache combined-stream@https://registry.npmjs.org/combined-stream/-/combined-stream-1.0.8.tgz 0ms (cache hit)
216 http cache color-name@https://registry.npmjs.org/color-name/-/color-name-1.1.4.tgz 0ms (cache hit)
217 http cache color-convert@https://registry.npmjs.org/color-convert/-/color-convert-2.0.1.tgz 0ms (cache hit)
218 http cache cliui@https://registry.npmjs.org/cliui/-/cliui-8.0.1.tgz 0ms (cache hit)
219 http cache chalk@https://registry.npmjs.org/chalk/-/chalk-4.1.2.tgz 0ms (cache hit)
220 http cache caniuse-lite@https://registry.npmjs.org/caniuse-lite/-/caniuse-lite-1.0.30001779.tgz 0ms (cache hit)
221 http cache call-bind-apply-helpers@https://registry.npmjs.org/call-bind-apply-helpers/-/call-bind-apply-helpers-1.0.2.tgz 0ms (cache hit)
222 http cache browserslist@https://registry.npmjs.org/browserslist/-/browserslist-4.28.1.tgz 0ms (cache hit)
223 http cache baseline-browser-mapping@https://registry.npmjs.org/baseline-browser-mapping/-/baseline-browser-mapping-2.10.8.tgz 0ms (cache hit)
224 http cache axios@https://registry.npmjs.org/axios/-/axios-1.13.6.tgz 0ms (cache hit)
225 http cache autoprefixer@https://registry.npmjs.org/autoprefixer/-/autoprefixer-10.4.27.tgz 0ms (cache hit)
226 http cache asynckit@https://registry.npmjs.org/asynckit/-/asynckit-0.4.0.tgz 0ms (cache hit)
227 http cache ansi-styles@https://registry.npmjs.org/ansi-styles/-/ansi-styles-4.3.0.tgz 0ms (cache hit)
228 http cache ansi-regex@https://registry.npmjs.org/ansi-regex/-/ansi-regex-5.0.1.tgz 0ms (cache hit)
229 http cache @types/estree@https://registry.npmjs.org/@types/estree/-/estree-1.0.8.tgz 0ms (cache hit)
230 http cache @tailwindcss/vite@https://registry.npmjs.org/@tailwindcss/vite/-/vite-4.2.1.tgz 0ms (cache hit)
231 http cache @tailwindcss/oxide-linux-x64-musl@https://registry.npmjs.org/@tailwindcss/oxide-linux-x64-musl/-/oxide-linux-x64-musl-4.2.1.tgz 0ms (cache hit)
232 http cache @tailwindcss/oxide-linux-x64-gnu@https://registry.npmjs.org/@tailwindcss/oxide-linux-x64-gnu/-/oxide-linux-x64-gnu-4.2.1.tgz 0ms (cache hit)
233 http cache @tailwindcss/oxide@https://registry.npmjs.org/@tailwindcss/oxide/-/oxide-4.2.1.tgz 0ms (cache hit)
234 http cache @tailwindcss/node@https://registry.npmjs.org/@tailwindcss/node/-/node-4.2.1.tgz 0ms (cache hit)
235 http cache @rollup/rollup-linux-x64-musl@https://registry.npmjs.org/@rollup/rollup-linux-x64-musl/-/rollup-linux-x64-musl-4.59.0.tgz 0ms (cache hit)
236 http cache @rollup/rollup-linux-x64-gnu@https://registry.npmjs.org/@rollup/rollup-linux-x64-gnu/-/rollup-linux-x64-gnu-4.9.5.tgz 0ms (cache hit)
237 http cache @jridgewell/trace-mapping@https://registry.npmjs.org/@jridgewell/trace-mapping/-/trace-mapping-0.3.31.tgz 0ms (cache hit)
238 http cache @jridgewell/sourcemap-codec@https://registry.npmjs.org/@jridgewell/sourcemap-codec/-/sourcemap-codec-1.5.5.tgz 0ms (cache hit)
239 http cache @jridgewell/resolve-uri@https://registry.npmjs.org/@jridgewell/resolve-uri/-/resolve-uri-3.1.2.tgz 0ms (cache hit)
240 http cache @jridgewell/remapping@https://registry.npmjs.org/@jridgewell/remapping/-/remapping-2.3.5.tgz 0ms (cache hit)
241 http cache @jridgewell/gen-mapping@https://registry.npmjs.org/@jridgewell/gen-mapping/-/gen-mapping-0.3.13.tgz 0ms (cache hit)
242 http cache @esbuild/linux-x64@https://registry.npmjs.org/@esbuild/linux-x64/-/linux-x64-0.27.4.tgz 0ms (cache hit)
243 http cache picomatch@https://registry.npmjs.org/picomatch/-/picomatch-2.3.1.tgz 0ms (cache hit)
244 http cache @rollup/rollup-linux-x64-gnu@https://registry.npmjs.org/@rollup/rollup-linux-x64-gnu/-/rollup-linux-x64-gnu-4.59.0.tgz 0ms (cache hit)
245 http cache lightningcss-linux-x64-gnu@https://registry.npmjs.org/lightningcss-linux-x64-gnu/-/lightningcss-linux-x64-gnu-1.31.1.tgz 0ms (cache hit)
246 http cache supports-color@https://registry.npmjs.org/supports-color/-/supports-color-7.2.0.tgz 0ms (cache hit)
247 silly tarball no local data for yargs-parser@https://registry.npmjs.org/yargs-parser/-/yargs-parser-21.1.1.tgz. Extracting by manifest.
248 silly tarball no local data for yargs@https://registry.npmjs.org/yargs/-/yargs-17.7.2.tgz. Extracting by manifest.
249 silly tarball no local data for y18n@https://registry.npmjs.org/y18n/-/y18n-5.0.8.tgz. Extracting by manifest.
250 silly tarball no local data for wrap-ansi@https://registry.npmjs.org/wrap-ansi/-/wrap-ansi-7.0.0.tgz. Extracting by manifest.
251 silly tarball no local data for vite-plugin-full-reload@https://registry.npmjs.org/vite-plugin-full-reload/-/vite-plugin-full-reload-1.2.0.tgz. Extracting by manifest.
252 silly tarball no local data for vite@https://registry.npmjs.org/vite/-/vite-7.3.1.tgz. Extracting by manifest.
253 silly tarball no local data for update-browserslist-db@https://registry.npmjs.org/update-browserslist-db/-/update-browserslist-db-1.2.3.tgz. Extracting by manifest.
254 silly tarball no local data for tslib@https://registry.npmjs.org/tslib/-/tslib-2.8.1.tgz. Extracting by manifest.
255 silly tarball no local data for tree-kill@https://registry.npmjs.org/tree-kill/-/tree-kill-1.2.2.tgz. Extracting by manifest.
256 silly tarball no local data for tinyglobby@https://registry.npmjs.org/tinyglobby/-/tinyglobby-0.2.15.tgz. Extracting by manifest.
257 silly tarball no local data for tapable@https://registry.npmjs.org/tapable/-/tapable-2.3.0.tgz. Extracting by manifest.
258 silly tarball no local data for tailwindcss@https://registry.npmjs.org/tailwindcss/-/tailwindcss-4.2.1.tgz. Extracting by manifest.
259 silly tarball no local data for supports-color@https://registry.npmjs.org/supports-color/-/supports-color-8.1.1.tgz. Extracting by manifest.
260 silly tarball no local data for strip-ansi@https://registry.npmjs.org/strip-ansi/-/strip-ansi-6.0.1.tgz. Extracting by manifest.
261 silly tarball no local data for string-width@https://registry.npmjs.org/string-width/-/string-width-4.2.3.tgz. Extracting by manifest.
262 silly tarball no local data for source-map-js@https://registry.npmjs.org/source-map-js/-/source-map-js-1.2.1.tgz. Extracting by manifest.
263 silly tarball no local data for shell-quote@https://registry.npmjs.org/shell-quote/-/shell-quote-1.8.3.tgz. Extracting by manifest.
264 silly tarball no local data for rxjs@https://registry.npmjs.org/rxjs/-/rxjs-7.8.2.tgz. Extracting by manifest.
265 silly tarball no local data for rollup@https://registry.npmjs.org/rollup/-/rollup-4.59.0.tgz. Extracting by manifest.
266 silly tarball no local data for require-directory@https://registry.npmjs.org/require-directory/-/require-directory-2.1.1.tgz. Extracting by manifest.
267 silly tarball no local data for proxy-from-env@https://registry.npmjs.org/proxy-from-env/-/proxy-from-env-1.1.0.tgz. Extracting by manifest.
268 silly tarball no local data for postcss-value-parser@https://registry.npmjs.org/postcss-value-parser/-/postcss-value-parser-4.2.0.tgz. Extracting by manifest.
269 silly tarball no local data for postcss@https://registry.npmjs.org/postcss/-/postcss-8.5.8.tgz. Extracting by manifest.
270 silly tarball no local data for picomatch@https://registry.npmjs.org/picomatch/-/picomatch-4.0.3.tgz. Extracting by manifest.
271 silly tarball no local data for picocolors@https://registry.npmjs.org/picocolors/-/picocolors-1.1.1.tgz. Extracting by manifest.
272 silly tarball no local data for node-releases@https://registry.npmjs.org/node-releases/-/node-releases-2.0.36.tgz. Extracting by manifest.
273 silly tarball no local data for nanoid@https://registry.npmjs.org/nanoid/-/nanoid-3.3.11.tgz. Extracting by manifest.
274 silly tarball no local data for mime-types@https://registry.npmjs.org/mime-types/-/mime-types-2.1.35.tgz. Extracting by manifest.
275 silly tarball no local data for mime-db@https://registry.npmjs.org/mime-db/-/mime-db-1.52.0.tgz. Extracting by manifest.
276 silly tarball no local data for math-intrinsics@https://registry.npmjs.org/math-intrinsics/-/math-intrinsics-1.1.0.tgz. Extracting by manifest.
277 silly tarball no local data for magic-string@https://registry.npmjs.org/magic-string/-/magic-string-0.30.21.tgz. Extracting by manifest.
278 silly tarball no local data for lightningcss-linux-x64-musl@https://registry.npmjs.org/lightningcss-linux-x64-musl/-/lightningcss-linux-x64-musl-1.31.1.tgz. Extracting by manifest.
279 silly tarball no local data for lightningcss-linux-x64-gnu@https://registry.npmjs.org/lightningcss-linux-x64-gnu/-/lightningcss-linux-x64-gnu-1.32.0.tgz. Extracting by manifest.
280 silly tarball no local data for lightningcss@https://registry.npmjs.org/lightningcss/-/lightningcss-1.31.1.tgz. Extracting by manifest.
281 silly tarball no local data for laravel-vite-plugin@https://registry.npmjs.org/laravel-vite-plugin/-/laravel-vite-plugin-2.1.0.tgz. Extracting by manifest.
282 silly tarball no local data for jiti@https://registry.npmjs.org/jiti/-/jiti-2.6.1.tgz. Extracting by manifest.
283 silly tarball no local data for is-fullwidth-code-point@https://registry.npmjs.org/is-fullwidth-code-point/-/is-fullwidth-code-point-3.0.0.tgz. Extracting by manifest.
284 silly tarball no local data for hasown@https://registry.npmjs.org/hasown/-/hasown-2.0.2.tgz. Extracting by manifest.
285 silly tarball no local data for has-tostringtag@https://registry.npmjs.org/has-tostringtag/-/has-tostringtag-1.0.2.tgz. Extracting by manifest.
286 silly tarball no local data for has-symbols@https://registry.npmjs.org/has-symbols/-/has-symbols-1.1.0.tgz. Extracting by manifest.
287 silly tarball no local data for has-flag@https://registry.npmjs.org/has-flag/-/has-flag-4.0.0.tgz. Extracting by manifest.
288 silly tarball no local data for graceful-fs@https://registry.npmjs.org/graceful-fs/-/graceful-fs-4.2.11.tgz. Extracting by manifest.
289 silly tarball no local data for gopd@https://registry.npmjs.org/gopd/-/gopd-1.2.0.tgz. Extracting by manifest.
290 silly tarball no local data for get-proto@https://registry.npmjs.org/get-proto/-/get-proto-1.0.1.tgz. Extracting by manifest.
291 silly tarball no local data for get-intrinsic@https://registry.npmjs.org/get-intrinsic/-/get-intrinsic-1.3.0.tgz. Extracting by manifest.
292 silly tarball no local data for get-caller-file@https://registry.npmjs.org/get-caller-file/-/get-caller-file-2.0.5.tgz. Extracting by manifest.
293 silly tarball no local data for function-bind@https://registry.npmjs.org/function-bind/-/function-bind-1.1.2.tgz. Extracting by manifest.
294 silly tarball no local data for fraction.js@https://registry.npmjs.org/fraction.js/-/fraction.js-5.3.4.tgz. Extracting by manifest.
295 silly tarball no local data for form-data@https://registry.npmjs.org/form-data/-/form-data-4.0.5.tgz. Extracting by manifest.
296 silly tarball no local data for follow-redirects@https://registry.npmjs.org/follow-redirects/-/follow-redirects-1.15.11.tgz. Extracting by manifest.
297 silly tarball no local data for fdir@https://registry.npmjs.org/fdir/-/fdir-6.5.0.tgz. Extracting by manifest.
298 silly tarball no local data for escalade@https://registry.npmjs.org/escalade/-/escalade-3.2.0.tgz. Extracting by manifest.
299 silly tarball no local data for esbuild@https://registry.npmjs.org/esbuild/-/esbuild-0.27.4.tgz. Extracting by manifest.
300 silly tarball no local data for es-set-tostringtag@https://registry.npmjs.org/es-set-tostringtag/-/es-set-tostringtag-2.1.0.tgz. Extracting by manifest.
301 silly tarball no local data for es-object-atoms@https://registry.npmjs.org/es-object-atoms/-/es-object-atoms-1.1.1.tgz. Extracting by manifest.
302 silly tarball no local data for es-errors@https://registry.npmjs.org/es-errors/-/es-errors-1.3.0.tgz. Extracting by manifest.
303 silly tarball no local data for es-define-property@https://registry.npmjs.org/es-define-property/-/es-define-property-1.0.1.tgz. Extracting by manifest.
304 silly tarball no local data for enhanced-resolve@https://registry.npmjs.org/enhanced-resolve/-/enhanced-resolve-5.20.0.tgz. Extracting by manifest.
305 silly tarball no local data for emoji-regex@https://registry.npmjs.org/emoji-regex/-/emoji-regex-8.0.0.tgz. Extracting by manifest.
306 silly tarball no local data for electron-to-chromium@https://registry.npmjs.org/electron-to-chromium/-/electron-to-chromium-1.5.313.tgz. Extracting by manifest.
307 silly tarball no local data for dunder-proto@https://registry.npmjs.org/dunder-proto/-/dunder-proto-1.0.1.tgz. Extracting by manifest.
308 silly tarball no local data for detect-libc@https://registry.npmjs.org/detect-libc/-/detect-libc-2.1.2.tgz. Extracting by manifest.
309 silly tarball no local data for delayed-stream@https://registry.npmjs.org/delayed-stream/-/delayed-stream-1.0.0.tgz. Extracting by manifest.
310 silly tarball no local data for concurrently@https://registry.npmjs.org/concurrently/-/concurrently-9.2.1.tgz. Extracting by manifest.
311 silly tarball no local data for combined-stream@https://registry.npmjs.org/combined-stream/-/combined-stream-1.0.8.tgz. Extracting by manifest.
312 silly tarball no local data for color-name@https://registry.npmjs.org/color-name/-/color-name-1.1.4.tgz. Extracting by manifest.
313 silly tarball no local data for color-convert@https://registry.npmjs.org/color-convert/-/color-convert-2.0.1.tgz. Extracting by manifest.
314 silly tarball no local data for cliui@https://registry.npmjs.org/cliui/-/cliui-8.0.1.tgz. Extracting by manifest.
315 silly tarball no local data for chalk@https://registry.npmjs.org/chalk/-/chalk-4.1.2.tgz. Extracting by manifest.
316 silly tarball no local data for caniuse-lite@https://registry.npmjs.org/caniuse-lite/-/caniuse-lite-1.0.30001779.tgz. Extracting by manifest.
317 silly tarball no local data for call-bind-apply-helpers@https://registry.npmjs.org/call-bind-apply-helpers/-/call-bind-apply-helpers-1.0.2.tgz. Extracting by manifest.
318 silly tarball no local data for browserslist@https://registry.npmjs.org/browserslist/-/browserslist-4.28.1.tgz. Extracting by manifest.
319 silly tarball no local data for baseline-browser-mapping@https://registry.npmjs.org/baseline-browser-mapping/-/baseline-browser-mapping-2.10.8.tgz. Extracting by manifest.
320 silly tarball no local data for axios@https://registry.npmjs.org/axios/-/axios-1.13.6.tgz. Extracting by manifest.
321 silly tarball no local data for autoprefixer@https://registry.npmjs.org/autoprefixer/-/autoprefixer-10.4.27.tgz. Extracting by manifest.
322 silly tarball no local data for asynckit@https://registry.npmjs.org/asynckit/-/asynckit-0.4.0.tgz. Extracting by manifest.
323 silly tarball no local data for ansi-styles@https://registry.npmjs.org/ansi-styles/-/ansi-styles-4.3.0.tgz. Extracting by manifest.
324 silly tarball no local data for ansi-regex@https://registry.npmjs.org/ansi-regex/-/ansi-regex-5.0.1.tgz. Extracting by manifest.
325 silly tarball no local data for @types/estree@https://registry.npmjs.org/@types/estree/-/estree-1.0.8.tgz. Extracting by manifest.
326 silly tarball no local data for @tailwindcss/vite@https://registry.npmjs.org/@tailwindcss/vite/-/vite-4.2.1.tgz. Extracting by manifest.
327 silly tarball no local data for @tailwindcss/oxide-linux-x64-musl@https://registry.npmjs.org/@tailwindcss/oxide-linux-x64-musl/-/oxide-linux-x64-musl-4.2.1.tgz. Extracting by manifest.
328 silly tarball no local data for @tailwindcss/oxide-linux-x64-gnu@https://registry.npmjs.org/@tailwindcss/oxide-linux-x64-gnu/-/oxide-linux-x64-gnu-4.2.1.tgz. Extracting by manifest.
329 silly tarball no local data for @tailwindcss/oxide@https://registry.npmjs.org/@tailwindcss/oxide/-/oxide-4.2.1.tgz. Extracting by manifest.
330 silly tarball no local data for @tailwindcss/node@https://registry.npmjs.org/@tailwindcss/node/-/node-4.2.1.tgz. Extracting by manifest.
331 silly tarball no local data for @rollup/rollup-linux-x64-musl@https://registry.npmjs.org/@rollup/rollup-linux-x64-musl/-/rollup-linux-x64-musl-4.59.0.tgz. Extracting by manifest.
332 silly tarball no local data for @rollup/rollup-linux-x64-gnu@https://registry.npmjs.org/@rollup/rollup-linux-x64-gnu/-/rollup-linux-x64-gnu-4.9.5.tgz. Extracting by manifest.
333 silly tarball no local data for @jridgewell/trace-mapping@https://registry.npmjs.org/@jridgewell/trace-mapping/-/trace-mapping-0.3.31.tgz. Extracting by manifest.
334 silly tarball no local data for @jridgewell/sourcemap-codec@https://registry.npmjs.org/@jridgewell/sourcemap-codec/-/sourcemap-codec-1.5.5.tgz. Extracting by manifest.
335 silly tarball no local data for @jridgewell/resolve-uri@https://registry.npmjs.org/@jridgewell/resolve-uri/-/resolve-uri-3.1.2.tgz. Extracting by manifest.
336 silly tarball no local data for @jridgewell/remapping@https://registry.npmjs.org/@jridgewell/remapping/-/remapping-2.3.5.tgz. Extracting by manifest.
337 silly tarball no local data for @jridgewell/gen-mapping@https://registry.npmjs.org/@jridgewell/gen-mapping/-/gen-mapping-0.3.13.tgz. Extracting by manifest.
338 silly tarball no local data for @esbuild/linux-x64@https://registry.npmjs.org/@esbuild/linux-x64/-/linux-x64-0.27.4.tgz. Extracting by manifest.
339 silly tarball no local data for picomatch@https://registry.npmjs.org/picomatch/-/picomatch-2.3.1.tgz. Extracting by manifest.
340 silly tarball no local data for @rollup/rollup-linux-x64-gnu@https://registry.npmjs.org/@rollup/rollup-linux-x64-gnu/-/rollup-linux-x64-gnu-4.59.0.tgz. Extracting by manifest.
341 silly tarball no local data for lightningcss-linux-x64-gnu@https://registry.npmjs.org/lightningcss-linux-x64-gnu/-/lightningcss-linux-x64-gnu-1.31.1.tgz. Extracting by manifest.
342 silly tarball no local data for supports-color@https://registry.npmjs.org/supports-color/-/supports-color-7.2.0.tgz. Extracting by manifest.
343 http fetch POST 200 https://registry.npmjs.org/-/npm/v1/security/advisories/bulk 763ms
344 silly audit report {
344 silly audit report   picomatch: [
344 silly audit report     {
344 silly audit report       id: 1115549,
344 silly audit report       url: 'https://github.com/advisories/GHSA-3v7f-55p6-f55p',
344 silly audit report       title: 'Picomatch: Method Injection in POSIX Character Classes causes incorrect Glob Matching',
344 silly audit report       severity: 'moderate',
344 silly audit report       vulnerable_versions: '<2.3.2',
344 silly audit report       cwe: [Array],
344 silly audit report       cvss: [Object]
344 silly audit report     },
344 silly audit report     {
344 silly audit report       id: 1115551,
344 silly audit report       url: 'https://github.com/advisories/GHSA-3v7f-55p6-f55p',
344 silly audit report       title: 'Picomatch: Method Injection in POSIX Character Classes causes incorrect Glob Matching',
344 silly audit report       severity: 'moderate',
344 silly audit report       vulnerable_versions: '>=4.0.0 <4.0.4',
344 silly audit report       cwe: [Array],
344 silly audit report       cvss: [Object]
344 silly audit report     },
344 silly audit report     {
344 silly audit report       id: 1115552,
344 silly audit report       url: 'https://github.com/advisories/GHSA-c2c7-rcm5-vvqj',
344 silly audit report       title: 'Picomatch has a ReDoS vulnerability via extglob quantifiers',
344 silly audit report       severity: 'high',
344 silly audit report       vulnerable_versions: '<2.3.2',
344 silly audit report       cwe: [Array],
344 silly audit report       cvss: [Object]
344 silly audit report     },
344 silly audit report     {
344 silly audit report       id: 1115554,
344 silly audit report       url: 'https://github.com/advisories/GHSA-c2c7-rcm5-vvqj',
344 silly audit report       title: 'Picomatch has a ReDoS vulnerability via extglob quantifiers',
344 silly audit report       severity: 'high',
344 silly audit report       vulnerable_versions: '>=4.0.0 <4.0.4',
344 silly audit report       cwe: [Array],
344 silly audit report       cvss: [Object]
344 silly audit report     }
344 silly audit report   ]
344 silly audit report }
345 silly packumentCache corgi:https://registry.npmjs.org/picomatch cache-miss
346 http fetch GET 200 https://registry.npmjs.org/strip-ansi/-/strip-ansi-6.0.1.tgz 664ms (cache miss)
347 http fetch GET 200 https://registry.npmjs.org/update-browserslist-db/-/update-browserslist-db-1.2.3.tgz 682ms (cache miss)
348 http fetch GET 200 https://registry.npmjs.org/supports-color/-/supports-color-8.1.1.tgz 677ms (cache miss)
349 http fetch GET 200 https://registry.npmjs.org/shell-quote/-/shell-quote-1.8.3.tgz 675ms (cache miss)
350 http fetch GET 200 https://registry.npmjs.org/require-directory/-/require-directory-2.1.1.tgz 674ms (cache miss)
351 http fetch GET 200 https://registry.npmjs.org/string-width/-/string-width-4.2.3.tgz 679ms (cache miss)
352 http fetch GET 200 https://registry.npmjs.org/math-intrinsics/-/math-intrinsics-1.1.0.tgz 670ms (cache miss)
353 http fetch GET 200 https://registry.npmjs.org/picocolors/-/picocolors-1.1.1.tgz 689ms (cache miss)
354 http fetch GET 200 https://registry.npmjs.org/wrap-ansi/-/wrap-ansi-7.0.0.tgz 718ms (cache miss)
355 http fetch GET 200 https://registry.npmjs.org/node-releases/-/node-releases-2.0.36.tgz 712ms (cache miss)
356 http fetch GET 200 https://registry.npmjs.org/mime-db/-/mime-db-1.52.0.tgz 730ms (cache miss)
357 http fetch GET 200 https://registry.npmjs.org/laravel-vite-plugin/-/laravel-vite-plugin-2.1.0.tgz 760ms (cache miss)
358 http fetch GET 200 https://registry.npmjs.org/tinyglobby/-/tinyglobby-0.2.15.tgz 822ms (cache miss)
359 http fetch GET 200 https://registry.npmjs.org/vite-plugin-full-reload/-/vite-plugin-full-reload-1.2.0.tgz 852ms (cache miss)
360 http fetch GET 200 https://registry.npmjs.org/nanoid/-/nanoid-3.3.11.tgz 875ms (cache miss)
361 http fetch GET 200 https://registry.npmjs.org/is-fullwidth-code-point/-/is-fullwidth-code-point-3.0.0.tgz 892ms (cache miss)
362 http fetch GET 200 https://registry.npmjs.org/postcss-value-parser/-/postcss-value-parser-4.2.0.tgz 907ms (cache miss)
363 http fetch GET 200 https://registry.npmjs.org/tslib/-/tslib-2.8.1.tgz 994ms (cache miss)
364 http fetch GET 200 https://registry.npmjs.org/tapable/-/tapable-2.3.0.tgz 992ms (cache miss)
365 http fetch GET 200 https://registry.npmjs.org/y18n/-/y18n-5.0.8.tgz 1004ms (cache miss)
366 http fetch GET 200 https://registry.npmjs.org/get-intrinsic/-/get-intrinsic-1.3.0.tgz 971ms (cache miss)
367 http fetch GET 200 https://registry.npmjs.org/has-flag/-/has-flag-4.0.0.tgz 981ms (cache miss)
368 http fetch GET 200 https://registry.npmjs.org/get-caller-file/-/get-caller-file-2.0.5.tgz 1002ms (cache miss)
369 http fetch GET 200 https://registry.npmjs.org/yargs-parser/-/yargs-parser-21.1.1.tgz 1056ms (cache miss)
370 http fetch GET 200 https://registry.npmjs.org/graceful-fs/-/graceful-fs-4.2.11.tgz 1032ms (cache miss)
371 http fetch GET 200 https://registry.npmjs.org/form-data/-/form-data-4.0.5.tgz 1032ms (cache miss)
372 http fetch GET 200 https://registry.npmjs.org/get-proto/-/get-proto-1.0.1.tgz 1061ms (cache miss)
373 http fetch GET 200 https://registry.npmjs.org/fdir/-/fdir-6.5.0.tgz 1084ms (cache miss)
374 http fetch GET 200 https://registry.npmjs.org/mime-types/-/mime-types-2.1.35.tgz 1103ms (cache miss)
375 http fetch GET 200 https://registry.npmjs.org/gopd/-/gopd-1.2.0.tgz 1102ms (cache miss)
376 http fetch GET 200 https://registry.npmjs.org/es-object-atoms/-/es-object-atoms-1.1.1.tgz 1124ms (cache miss)
377 http fetch GET 200 https://registry.npmjs.org/esbuild/-/esbuild-0.27.4.tgz 1135ms (cache miss)
378 http fetch GET 200 https://registry.npmjs.org/emoji-regex/-/emoji-regex-8.0.0.tgz 1137ms (cache miss)
379 http fetch GET 200 https://registry.npmjs.org/color-name/-/color-name-1.1.4.tgz 1155ms (cache miss)
380 http fetch GET 200 https://registry.npmjs.org/has-tostringtag/-/has-tostringtag-1.0.2.tgz 1176ms (cache miss)
381 http fetch GET 200 https://registry.npmjs.org/es-define-property/-/es-define-property-1.0.1.tgz 1179ms (cache miss)
382 http fetch GET 200 https://registry.npmjs.org/has-symbols/-/has-symbols-1.1.0.tgz 1196ms (cache miss)
383 http fetch GET 200 https://registry.npmjs.org/follow-redirects/-/follow-redirects-1.15.11.tgz 1201ms (cache miss)
384 http fetch GET 200 https://registry.npmjs.org/lightningcss/-/lightningcss-1.31.1.tgz 1214ms (cache miss)
385 http fetch GET 200 https://registry.npmjs.org/proxy-from-env/-/proxy-from-env-1.1.0.tgz 1224ms (cache miss)
386 http fetch GET 200 https://registry.npmjs.org/escalade/-/escalade-3.2.0.tgz 1220ms (cache miss)
387 http fetch GET 200 https://registry.npmjs.org/source-map-js/-/source-map-js-1.2.1.tgz 1246ms (cache miss)
388 http fetch GET 200 https://registry.npmjs.org/function-bind/-/function-bind-1.1.2.tgz 1245ms (cache miss)
389 http fetch GET 200 https://registry.npmjs.org/browserslist/-/browserslist-4.28.1.tgz 1230ms (cache miss)
390 http fetch GET 200 https://registry.npmjs.org/es-errors/-/es-errors-1.3.0.tgz 1249ms (cache miss)
391 http fetch GET 200 https://registry.npmjs.org/es-set-tostringtag/-/es-set-tostringtag-2.1.0.tgz 1254ms (cache miss)
392 http fetch GET 200 https://registry.npmjs.org/call-bind-apply-helpers/-/call-bind-apply-helpers-1.0.2.tgz 1242ms (cache miss)
393 http fetch GET 200 https://registry.npmjs.org/picomatch/-/picomatch-4.0.3.tgz 1284ms (cache miss)
394 http fetch GET 200 https://registry.npmjs.org/detect-libc/-/detect-libc-2.1.2.tgz 1260ms (cache miss)
395 http fetch GET 200 https://registry.npmjs.org/dunder-proto/-/dunder-proto-1.0.1.tgz 1272ms (cache miss)
396 http fetch GET 200 https://registry.npmjs.org/combined-stream/-/combined-stream-1.0.8.tgz 1272ms (cache miss)
397 http fetch GET 200 https://registry.npmjs.org/ansi-styles/-/ansi-styles-4.3.0.tgz 1284ms (cache miss)
398 http fetch GET 200 https://registry.npmjs.org/electron-to-chromium/-/electron-to-chromium-1.5.313.tgz 1312ms (cache miss)
399 http fetch GET 200 https://registry.npmjs.org/delayed-stream/-/delayed-stream-1.0.0.tgz 1316ms (cache miss)
400 http fetch GET 200 https://registry.npmjs.org/ansi-regex/-/ansi-regex-5.0.1.tgz 1334ms (cache miss)
401 http fetch GET 200 https://registry.npmjs.org/color-convert/-/color-convert-2.0.1.tgz 1345ms (cache miss)
402 http fetch GET 200 https://registry.npmjs.org/fraction.js/-/fraction.js-5.3.4.tgz 1420ms (cache miss)
403 http fetch GET 200 https://registry.npmjs.org/chalk/-/chalk-4.1.2.tgz 1429ms (cache miss)
404 http fetch GET 200 https://registry.npmjs.org/asynckit/-/asynckit-0.4.0.tgz 1445ms (cache miss)
405 http fetch GET 200 https://registry.npmjs.org/magic-string/-/magic-string-0.30.21.tgz 1616ms (cache miss)
406 http fetch GET 200 https://registry.npmjs.org/cliui/-/cliui-8.0.1.tgz 1640ms (cache miss)
407 http fetch GET 200 https://registry.npmjs.org/tree-kill/-/tree-kill-1.2.2.tgz 1693ms (cache miss)
408 http fetch GET 200 https://registry.npmjs.org/baseline-browser-mapping/-/baseline-browser-mapping-2.10.8.tgz 1677ms (cache miss)
409 http fetch GET 200 https://registry.npmjs.org/postcss/-/postcss-8.5.8.tgz 1721ms (cache miss)
410 http fetch GET 200 https://registry.npmjs.org/yargs/-/yargs-17.7.2.tgz 1771ms (cache miss)
411 http fetch GET 200 https://registry.npmjs.org/@tailwindcss/oxide/-/oxide-4.2.1.tgz 1722ms (cache miss)
412 http fetch GET 200 https://registry.npmjs.org/tailwindcss/-/tailwindcss-4.2.1.tgz 1780ms (cache miss)
413 http fetch GET 200 https://registry.npmjs.org/@types/estree/-/estree-1.0.8.tgz 1786ms (cache miss)
414 http fetch GET 200 https://registry.npmjs.org/enhanced-resolve/-/enhanced-resolve-5.20.0.tgz 1826ms (cache miss)
415 http fetch GET 200 https://registry.npmjs.org/jiti/-/jiti-2.6.1.tgz 1842ms (cache miss)
416 http fetch GET 200 https://registry.npmjs.org/autoprefixer/-/autoprefixer-10.4.27.tgz 1901ms (cache miss)
417 http fetch GET 200 https://registry.npmjs.org/concurrently/-/concurrently-9.2.1.tgz 1928ms (cache miss)
418 http fetch GET 200 https://registry.npmjs.org/@tailwindcss/vite/-/vite-4.2.1.tgz 1970ms (cache miss)
419 http fetch GET 200 https://registry.npmjs.org/vite/-/vite-7.3.1.tgz 2086ms (cache miss)
420 http fetch GET 200 https://registry.npmjs.org/rollup/-/rollup-4.59.0.tgz 2107ms (cache miss)
421 http fetch GET 200 https://registry.npmjs.org/hasown/-/hasown-2.0.2.tgz 2098ms (cache miss)
422 http fetch GET 200 https://registry.npmjs.org/@jridgewell/sourcemap-codec/-/sourcemap-codec-1.5.5.tgz 2072ms (cache miss)
423 http fetch GET 200 https://registry.npmjs.org/picomatch/-/picomatch-2.3.1.tgz 2076ms (cache miss)
424 http fetch GET 200 https://registry.npmjs.org/supports-color/-/supports-color-7.2.0.tgz 2209ms (cache miss)
425 http fetch GET 200 https://registry.npmjs.org/axios/-/axios-1.13.6.tgz 2262ms (cache miss)
426 http fetch GET 200 https://registry.npmjs.org/@tailwindcss/node/-/node-4.2.1.tgz 2411ms (cache miss)
427 http fetch GET 200 https://registry.npmjs.org/@jridgewell/gen-mapping/-/gen-mapping-0.3.13.tgz 2419ms (cache miss)
428 http fetch GET 200 https://registry.npmjs.org/@jridgewell/trace-mapping/-/trace-mapping-0.3.31.tgz 2474ms (cache miss)
429 http fetch GET 200 https://registry.npmjs.org/@jridgewell/resolve-uri/-/resolve-uri-3.1.2.tgz 2512ms (cache miss)
430 http fetch GET 200 https://registry.npmjs.org/picomatch 2106ms (cache miss)
431 silly packumentCache corgi:https://registry.npmjs.org/picomatch set size:undefined disposed:false
432 silly packumentCache corgi:https://registry.npmjs.org/vite-plugin-full-reload cache-miss
433 http fetch GET 200 https://registry.npmjs.org/vite-plugin-full-reload 65ms (cache miss)
434 silly packumentCache corgi:https://registry.npmjs.org/vite-plugin-full-reload set size:undefined disposed:false
435 silly packumentCache corgi:https://registry.npmjs.org/fdir cache-miss
436 silly packumentCache corgi:https://registry.npmjs.org/tinyglobby cache-miss
437 silly packumentCache corgi:https://registry.npmjs.org/vite cache-miss
438 http fetch GET 200 https://registry.npmjs.org/tinyglobby 70ms (cache miss)
439 silly packumentCache corgi:https://registry.npmjs.org/tinyglobby set size:undefined disposed:false
440 http fetch GET 200 https://registry.npmjs.org/fdir 136ms (cache miss)
441 silly packumentCache corgi:https://registry.npmjs.org/fdir set size:undefined disposed:false
442 http fetch GET 200 https://registry.npmjs.org/lightningcss-linux-x64-gnu/-/lightningcss-linux-x64-gnu-1.32.0.tgz 3112ms (cache miss)
443 http fetch GET 200 https://registry.npmjs.org/lightningcss-linux-x64-musl/-/lightningcss-linux-x64-musl-1.31.1.tgz 3119ms (cache miss)
444 http fetch GET 200 https://registry.npmjs.org/@jridgewell/remapping/-/remapping-2.3.5.tgz 3098ms (cache miss)
445 http fetch GET 200 https://registry.npmjs.org/lightningcss-linux-x64-gnu/-/lightningcss-linux-x64-gnu-1.31.1.tgz 3417ms (cache miss)
446 http fetch GET 200 https://registry.npmjs.org/@tailwindcss/oxide-linux-x64-gnu/-/oxide-linux-x64-gnu-4.2.1.tgz 3459ms (cache miss)
447 http fetch GET 200 https://registry.npmjs.org/@tailwindcss/oxide-linux-x64-musl/-/oxide-linux-x64-musl-4.2.1.tgz 3757ms (cache miss)
448 http fetch GET 200 https://registry.npmjs.org/@rollup/rollup-linux-x64-gnu/-/rollup-linux-x64-gnu-4.9.5.tgz 3758ms (cache miss)
449 http fetch GET 200 https://registry.npmjs.org/vite 1057ms (cache miss)
450 silly packumentCache corgi:https://registry.npmjs.org/vite set size:undefined disposed:false
451 http fetch GET 200 https://registry.npmjs.org/@rollup/rollup-linux-x64-gnu/-/rollup-linux-x64-gnu-4.59.0.tgz 4370ms (cache miss)
452 http fetch GET 200 https://registry.npmjs.org/@esbuild/linux-x64/-/linux-x64-0.27.4.tgz 4480ms (cache miss)
453 http fetch GET 200 https://registry.npmjs.org/rxjs/-/rxjs-7.8.2.tgz 4818ms (cache miss)
454 http fetch GET 200 https://registry.npmjs.org/@rollup/rollup-linux-x64-musl/-/rollup-linux-x64-musl-4.59.0.tgz 4993ms (cache miss)
455 http fetch GET 200 https://registry.npmjs.org/caniuse-lite/-/caniuse-lite-1.0.30001779.tgz 7680ms (cache miss)
456 info run esbuild@0.27.4 postinstall node_modules/esbuild node install.js
457 info run esbuild@0.27.4 postinstall { code: 0, signal: null }
458 silly ADD node_modules/yargs-parser
459 silly ADD node_modules/yargs
460 silly ADD node_modules/y18n
461 silly ADD node_modules/wrap-ansi
462 silly ADD node_modules/vite-plugin-full-reload
463 silly ADD node_modules/vite-plugin-full-reload/node_modules/picomatch
464 silly ADD node_modules/vite
465 silly ADD node_modules/update-browserslist-db
466 silly ADD node_modules/tslib
467 silly ADD node_modules/tree-kill
468 silly ADD node_modules/tinyglobby
469 silly ADD node_modules/tapable
470 silly ADD node_modules/tailwindcss
471 silly ADD node_modules/supports-color
472 silly ADD node_modules/strip-ansi
473 silly ADD node_modules/string-width
474 silly ADD node_modules/source-map-js
475 silly ADD node_modules/shell-quote
476 silly ADD node_modules/rxjs
477 silly ADD node_modules/rollup
478 silly ADD node_modules/rollup/node_modules/@rollup/rollup-linux-x64-gnu
479 silly ADD node_modules/require-directory
480 silly ADD node_modules/proxy-from-env
481 silly ADD node_modules/postcss-value-parser
482 silly ADD node_modules/postcss
483 silly ADD node_modules/picomatch
484 silly ADD node_modules/picocolors
485 silly ADD node_modules/node-releases
486 silly ADD node_modules/nanoid
487 silly ADD node_modules/mime-types
488 silly ADD node_modules/mime-db
489 silly ADD node_modules/math-intrinsics
490 silly ADD node_modules/magic-string
491 silly ADD
492 silly ADD
493 silly ADD node_modules/lightningcss-linux-x64-musl
494 silly ADD node_modules/lightningcss-linux-x64-gnu
495 silly ADD
496 silly ADD
497 silly ADD
498 silly ADD
499 silly ADD
500 silly ADD
501 silly ADD
502 silly ADD node_modules/lightningcss
503 silly ADD node_modules/lightningcss/node_modules/lightningcss-linux-x64-gnu
504 silly ADD node_modules/laravel-vite-plugin
505 silly ADD node_modules/jiti
506 silly ADD node_modules/is-fullwidth-code-point
507 silly ADD node_modules/hasown
508 silly ADD node_modules/has-tostringtag
509 silly ADD node_modules/has-symbols
510 silly ADD node_modules/has-flag
511 silly ADD node_modules/graceful-fs
512 silly ADD node_modules/gopd
513 silly ADD node_modules/get-proto
514 silly ADD node_modules/get-intrinsic
515 silly ADD node_modules/get-caller-file
516 silly ADD node_modules/function-bind
517 silly ADD
518 silly ADD node_modules/fraction.js
519 silly ADD node_modules/form-data
520 silly ADD node_modules/follow-redirects
521 silly ADD node_modules/fdir
522 silly ADD node_modules/escalade
523 silly ADD node_modules/esbuild
524 silly ADD node_modules/es-set-tostringtag
525 silly ADD node_modules/es-object-atoms
526 silly ADD node_modules/es-errors
527 silly ADD node_modules/es-define-property
528 silly ADD node_modules/enhanced-resolve
529 silly ADD node_modules/emoji-regex
530 silly ADD node_modules/electron-to-chromium
531 silly ADD node_modules/dunder-proto
532 silly ADD node_modules/detect-libc
533 silly ADD node_modules/delayed-stream
534 silly ADD node_modules/concurrently
535 silly ADD node_modules/combined-stream
536 silly ADD node_modules/color-name
537 silly ADD node_modules/color-convert
538 silly ADD node_modules/cliui
539 silly ADD node_modules/chalk
540 silly ADD node_modules/chalk/node_modules/supports-color
541 silly ADD node_modules/caniuse-lite
542 silly ADD node_modules/call-bind-apply-helpers
543 silly ADD node_modules/browserslist
544 silly ADD node_modules/baseline-browser-mapping
545 silly ADD node_modules/axios
546 silly ADD node_modules/autoprefixer
547 silly ADD node_modules/asynckit
548 silly ADD node_modules/ansi-styles
549 silly ADD node_modules/ansi-regex
550 silly ADD node_modules/@types/estree
551 silly ADD node_modules/@tailwindcss/vite
552 silly ADD
553 silly ADD
554 silly ADD
555 silly ADD node_modules/@tailwindcss/oxide-linux-x64-musl
556 silly ADD node_modules/@tailwindcss/oxide-linux-x64-gnu
557 silly ADD
558 silly ADD
559 silly ADD
560 silly ADD
561 silly ADD
562 silly ADD
563 silly ADD
564 silly ADD node_modules/@tailwindcss/oxide
565 silly ADD node_modules/@tailwindcss/node
566 silly ADD
567 silly ADD
568 silly ADD
569 silly ADD
570 silly ADD
571 silly ADD
572 silly ADD node_modules/@rollup/rollup-linux-x64-musl
573 silly ADD node_modules/@rollup/rollup-linux-x64-gnu
574 silly ADD
575 silly ADD
576 silly ADD
577 silly ADD
578 silly ADD
579 silly ADD
580 silly ADD
581 silly ADD
582 silly ADD
583 silly ADD
584 silly ADD
585 silly ADD
586 silly ADD
587 silly ADD
588 silly ADD
589 silly ADD
590 silly ADD
591 silly ADD node_modules/@jridgewell/trace-mapping
592 silly ADD node_modules/@jridgewell/sourcemap-codec
593 silly ADD node_modules/@jridgewell/resolve-uri
594 silly ADD node_modules/@jridgewell/remapping
595 silly ADD node_modules/@jridgewell/gen-mapping
596 silly ADD
597 silly ADD
598 silly ADD
599 silly ADD
600 silly ADD
601 silly ADD
602 silly ADD
603 silly ADD
604 silly ADD
605 silly ADD node_modules/@esbuild/linux-x64
606 silly ADD
607 silly ADD
608 silly ADD
609 silly ADD
610 silly ADD
611 silly ADD
612 silly ADD
613 silly ADD
614 silly ADD
615 silly ADD
616 silly ADD
617 silly ADD
618 silly ADD
619 silly ADD
620 silly ADD
621 silly ADD
622 verbose cwd /var/www
623 verbose os Linux 6.19.10-200.fc43.x86_64
624 verbose node v22.22.0
625 verbose npm  v10.9.4
626 verbose exit 0
627 info ok
